<?xml version="1.0" encoding="UTF-8"?>
<testng-results skipped="0" failed="0" ignored="0" total="2" passed="2">
  <reporter-output>
  </reporter-output>
  <suite name="Default suite" duration-ms="27914" started-at="2018-01-24T15:07:18Z" finished-at="2018-01-24T15:07:46Z">
    <groups>
    </groups>
    <test name="Default test" duration-ms="27914" started-at="2018-01-24T15:07:18Z" finished-at="2018-01-24T15:07:46Z">
      <class name="com.qa.forhonor.testcases.TestLoginPage">
        <test-method status="PASS" signature="setup()[pri:0, instance:com.qa.forhonor.testcases.TestLoginPage@28feb3fa]" name="setup" is-config="true" duration-ms="27617" started-at="2018-01-24T20:37:18Z" finished-at="2018-01-24T20:37:46Z">
          <reporter-output>
          </reporter-output>
        </test-method> <!-- setup -->
        <test-method status="PASS" signature="testLogin()[pri:0, instance:com.qa.forhonor.testcases.TestLoginPage@28feb3fa]" name="testLogin" duration-ms="277" started-at="2018-01-24T20:37:46Z" finished-at="2018-01-24T20:37:46Z">
          <reporter-output>
          </reporter-output>
        </test-method> <!-- testLogin -->
        <test-method status="PASS" signature="testPagetitle()[pri:0, instance:com.qa.forhonor.testcases.TestLoginPage@28feb3fa]" name="testPagetitle" duration-ms="8" started-at="2018-01-24T20:37:46Z" finished-at="2018-01-24T20:37:46Z">
          <reporter-output>
          </reporter-output>
        </test-method> <!-- testPagetitle -->
      </class> <!-- com.qa.forhonor.testcases.TestLoginPage -->
    </test> <!-- Default test -->
  </suite> <!-- Default suite -->
</testng-results>
